[2025-02-12 11:14:41,542: INFO: main: welcome to our project]
[2025-02-12 11:15:54,918: INFO: main: welcome to our project]
[2025-02-12 11:16:48,719: INFO: main: welcome to our project]
[2025-02-12 11:16:54,566: INFO: main: welcome to our project]
[2025-02-12 11:16:56,874: INFO: main: welcome to our project]
[2025-02-15 11:43:11,926: INFO: common: yaml file: config/config.yaml loaded successfully]
[2025-02-15 11:43:11,927: INFO: common: yaml file: params.yaml loaded successfully]
[2025-02-15 11:43:11,928: INFO: common: yaml file: schema.yaml loaded successfully]
[2025-02-15 11:43:11,928: INFO: common: created directory at: artifacts]
[2025-02-15 11:43:11,929: INFO: common: created directory at: artifacts/data_ingestion]
[2025-02-15 11:43:12,415: INFO: 251335794: artifacts/data_ingestion/data.zip download! with following info: 
Connection: close
Content-Length: 23329
Cache-Control: max-age=300
Content-Security-Policy: default-src 'none'; style-src 'unsafe-inline'; sandbox
Content-Type: application/zip
ETag: "c69888a4ae59bc5a893392785a938ccd4937981c06ba8a9d6a21aa52b4ab5b6e"
Strict-Transport-Security: max-age=31536000
X-Content-Type-Options: nosniff
X-Frame-Options: deny
X-XSS-Protection: 1; mode=block
X-GitHub-Request-Id: E841:3E46C8:6EAF3B:7C6471:67B0D230
Accept-Ranges: bytes
Date: Sat, 15 Feb 2025 17:43:12 GMT
Via: 1.1 varnish
X-Served-By: cache-iah17282-IAH
X-Cache: MISS
X-Cache-Hits: 0
X-Timer: S1739641392.369168,VS0,VE89
Vary: Authorization,Accept-Encoding,Origin
Access-Control-Allow-Origin: *
Cross-Origin-Resource-Policy: cross-origin
X-Fastly-Request-ID: fb8c72153b7df1546b5146562725030f875164f8
Expires: Sat, 15 Feb 2025 17:48:12 GMT
Source-Age: 0

]
